<?xml version="1.0" encoding="UTF-8"?>
<!-- Generated by org.testng.reporters.JUnitXMLReporter -->
<testsuite ignored="0" hostname="DESKTOP-0M48OKB" failures="0" tests="4" name="my test" time="51.679" errors="0" timestamp="2025-01-02T21:44:37 IST">
  <testcase classname="SeleniumTestNgPractice.OrangeHrmTest" name="openApp" time="43.071"/>
  <testcase classname="SeleniumTestNgPractice.OrangeHrmTest" name="logoValidate" time="0.712"/>
  <testcase classname="SeleniumTestNgPractice.OrangeHrmTest" name="testLogin" time="4.974"/>
  <testcase classname="SeleniumTestNgPractice.OrangeHrmTest" name="clossApp" time="2.844"/>
</testsuite> <!-- my test -->
