<?xml version="1.0" encoding="UTF-8"?>
<!-- Generated by org.testng.reporters.JUnitXMLReporter -->
<testsuite ignored="0" hostname="DESKTOP-0M48OKB" failures="0" tests="9" name="Grouping Test" time="0.153" errors="0" timestamp="2025-01-03T20:44:38 IST">
  <testcase classname="SeleniumTestNgPractice.LoginTest" name="loginByEmail" time="0.016"/>
  <testcase classname="SeleniumTestNgPractice.LoginTest" name="loginByFacebook" time="0.004"/>
  <testcase classname="SeleniumTestNgPractice.LoginTest" name="loginByTwitter" time="0.003"/>
  <testcase classname="SeleniumTestNgPractice.SignupTest" name="signByEmail" time="0.004"/>
  <testcase classname="SeleniumTestNgPractice.SignupTest" name="signByFacebook" time="0.004"/>
  <testcase classname="SeleniumTestNgPractice.SignupTest" name="signByTwitter" time="0.003"/>
  <testcase classname="SeleniumTestNgPractice.PaymentTest" name="paymentbyruupess" time="0.003"/>
  <testcase classname="SeleniumTestNgPractice.PaymentTest" name="paymentbydollar" time="0.003"/>
  <testcase classname="SeleniumTestNgPractice.PaymentTest" name="paymentbytaka" time="0.002"/>
</testsuite> <!-- Grouping Test -->
