<?xml version="1.0" encoding="UTF-8"?>
<!-- Generated by org.testng.reporters.JUnitXMLReporter -->
<testsuite ignored="0" hostname="DESKTOP-0M48OKB" failures="0" tests="3" name="Test1" time="0.027" errors="0" timestamp="2025-01-03T13:47:18 IST">
  <testcase classname="SeleniumTestNgPractice.AnnotationDemo2" name="acb" time="0.002"/>
  <testcase classname="SeleniumTestNgPractice.AnnotationDemo3" name="xyz" time="0.003"/>
  <testcase classname="SeleniumTestNgPractice.AnnotationDemo4" name="pqr" time="0.001"/>
</testsuite> <!-- Test1 -->
